Command line:
   sum_tb_isim_beh.exe
     -simmode  gui
     -simrunnum  0
     -socket  50554

Tue Oct 11 16:45:21 2016


 Elaboration Time: 0.171601 sec

 Current Memory Usage: 1316.81 Meg

 Total Signals          : 23
 Total Nets             : 121
 Total Signal Drivers   : 16
 Total Blocks           : 4
 Total Primitive Blocks : 3
 Total Processes        : 3
 Total Traceable Variables  : 16
 Total Scalar Nets and Variables : 628
In process Sum_Monitoring.vhd:sum_monitoring 
 Target Size 11 and source size 13 for array dimension 0 does not match. 


 Total Simulation Time: 0.265202 sec

 Current Memory Usage: 1474.08 Meg

Tue Oct 11 16:45:56 2016

