Running: C:\Xilinx\14.6\ISE_DS\ISE\bin\nt64\unwrapped\fuse.exe -intstyle ise -incremental -o E:/ADS/SMEECH2/sum_tb_isim_beh.exe -prj E:/ADS/SMEECH2/sum_tb_beh.prj work.sum_tb 
ISim P.68d (signature 0x7708f090)
Number of CPUs detected in this system: 2
Turning on mult-threading, number of parallel sub-compilation jobs: 4 
Determining compilation order of HDL files
Parsing VHDL file "E:/ADS/SMEECH2/Sum_Monitoring.vhd" into library work
Parsing VHDL file "E:/ADS/SMEECH2/sum_tb.vhd" into library work
Starting static elaboration
WARNING:HDLCompiler:746 - "N:/P.68d/rtf/vhdl/src/ieee/numeric_std.vhd" Line 3314: Range is empty (null range)
WARNING:HDLCompiler:220 - "N:/P.68d/rtf/vhdl/src/ieee/numeric_std.vhd" Line 3314: Assignment ignored
Completed static elaboration
Compiling package standard
Compiling package std_logic_1164
Compiling package numeric_std
Compiling architecture behavioral of entity Sum_Monitoring [sum_monitoring_default]
Compiling architecture behavior of entity sum_tb
Time Resolution for simulation is 1ps.
Waiting for 1 sub-compilation(s) to finish...
Compiled 6 VHDL Units
Built simulation executable E:/ADS/SMEECH2/sum_tb_isim_beh.exe
Fuse Memory Usage: 34668 KB
Fuse CPU Usage: 421 ms
