ISim log file
Running: E:\ADS\SMEECH2\sum_tb_isim_beh.exe -intstyle ise -gui -tclbatch isim.cmd -wdb E:/ADS/SMEECH2/sum_tb_isim_beh.wdb 
ISim P.68d (signature 0x7708f090)
----------------------------------------------------------------------
INFO:Security:50 - The XILINXD_LICENSE_FILE environment variable is set to '2100@aeolus.eng.uts.edu.au'.
INFO:Security:53 - The LM_LICENSE_FILE environment variable is not set.
WARNING:Security:43 - No license file was found in the standard Xilinx license directory.
WARNING:Security:44 - Since no license file was found,
       please run the Xilinx License Configuration Manager
       (xlcm or "Manage Xilinx Licenses")
       to assist in obtaining a license.
WARNING:Security:42 - Your software subscription period has lapsed. Your current version of Xilinx tools will continue to function, but you no longer qualify for Xilinx software updates or new releases.


----------------------------------------------------------------------
This is a Full version of ISim.
Time resolution is 1 ps
# onerror resume
# wave add /
# run 100 ns
Simulator is doing circuit initialization process.
Finished circuit initialization process.
ERROR: In process Sum_Monitoring.vhd:sum_monitoring 
 Target Size 11 and source size 13 for array dimension 0 does not match. 

INFO: Simulator is stopped.
