Command line:
   LED_Display_TB_isim_beh.exe
     -simmode  gui
     -simrunnum  0
     -socket  50187

Tue Oct 18 14:57:58 2016


 Elaboration Time: 0.046875 sec

 Current Memory Usage: 689.992 Meg

 Total Signals          : 6
 Total Nets             : 4
 Total Signal Drivers   : 3
 Total Blocks           : 3
 Total Primitive Blocks : 2
 Total Processes        : 2
 Total Traceable Variables  : 8
 Total Scalar Nets and Variables : 364
Total Line Count : 16

 Total Simulation Time: 0.171875 sec

 Current Memory Usage: 691.04 Meg

Tue Oct 18 14:58:17 2016

