Command line:
   Sum_Monitoring_isim_beh.exe
     -simmode  gui
     -simrunnum  0
     -socket  59014

Mon Oct 10 17:37:23 2016


 Elaboration Time: 0.03125 sec

 Current Memory Usage: 843.784 Meg

 Total Signals          : 14
 Total Nets             : 121
 Total Signal Drivers   : 12
 Total Blocks           : 3
 Total Primitive Blocks : 3
 Total Processes        : 2
 Total Traceable Variables  : 16
 Total Scalar Nets and Variables : 628
Total Line Count : 19

 Total Simulation Time: 0.109375 sec

 Current Memory Usage: 686.498 Meg

Mon Oct 10 17:38:23 2016

